app/build/intermediates/manifest_merge_blame_file/release/processReleaseMainManifest/manifest-merger-blame-release-report.txt
1<?xml version="1.0" encoding="utf-8"?>
2<manifest xmlns:android="http://schemas.android.com/apk/res/android"
3    package="com.localfriday.app"
4    android:versionCode="1"
5    android:versionName="1.0" >
6
7    <uses-sdk
7-->INJECTED
8        android:minSdkVersion="26"
8-->INJECTED
9        android:targetSdkVersion="35" />
9-->INJECTED
10
11    <permission
11-->[androidx.core:core:1.16.0] AndroidManifest.xml:22:5-24:47
12        android:name="com.localfriday.app.DYNAMIC_RECEIVER_NOT_EXPORTED_PERMISSION"
12-->[androidx.core:core:1.16.0] AndroidManifest.xml:23:9-81
13        android:protectionLevel="signature" />
13-->[androidx.core:core:1.16.0] AndroidManifest.xml:24:9-44
14
15    <uses-permission android:name="com.localfriday.app.DYNAMIC_RECEIVER_NOT_EXPORTED_PERMISSION" />
15-->[androidx.core:core:1.16.0] AndroidManifest.xml:26:5-97
15-->[androidx.core:core:1.16.0] AndroidManifest.xml:26:22-94
16
17    <application
17-->src\main\AndroidManifest.xml:3:5-16:19
18        android:name="com.localfriday.app.app.LocalFridayApp"
18-->src\main\AndroidManifest.xml:4:9-43
19        android:allowBackup="true"
19-->src\main\AndroidManifest.xml:5:9-35
20        android:appComponentFactory="androidx.core.app.CoreComponentFactory"
20-->[androidx.core:core:1.16.0] AndroidManifest.xml:28:18-86
21        android:extractNativeLibs="false"
21-->INJECTED
22        android:supportsRtl="true" >
22-->src\main\AndroidManifest.xml:6:9-35
23        <activity
23-->src\main\AndroidManifest.xml:7:9-15:20
24            android:name="com.localfriday.app.app.MainActivity"
24-->src\main\AndroidManifest.xml:8:13-45
25            android:exported="true"
25-->src\main\AndroidManifest.xml:9:13-36
26            android:theme="@android:style/Theme.NoTitleBar" >
26-->src\main\AndroidManifest.xml:10:13-60
27            <intent-filter>
27-->src\main\AndroidManifest.xml:11:13-14:29
28                <action android:name="android.intent.action.MAIN" />
28-->src\main\AndroidManifest.xml:12:17-69
28-->src\main\AndroidManifest.xml:12:25-66
29
30                <category android:name="android.intent.category.LAUNCHER" />
30-->src\main\AndroidManifest.xml:13:17-77
30-->src\main\AndroidManifest.xml:13:27-74
31            </intent-filter>
32        </activity>
33
34        <service
34-->[androidx.room:room-runtime-android:2.8.4] AndroidManifest.xml:24:9-28:63
35            android:name="androidx.room.MultiInstanceInvalidationService"
35-->[androidx.room:room-runtime-android:2.8.4] AndroidManifest.xml:25:13-74
36            android:directBootAware="true"
36-->[androidx.room:room-runtime-android:2.8.4] AndroidManifest.xml:26:13-43
37            android:exported="false" />
37-->[androidx.room:room-runtime-android:2.8.4] AndroidManifest.xml:27:13-37
38
39        <provider
39-->[androidx.emoji2:emoji2:1.4.0] AndroidManifest.xml:24:9-32:20
40            android:name="androidx.startup.InitializationProvider"
40-->[androidx.emoji2:emoji2:1.4.0] AndroidManifest.xml:25:13-67
41            android:authorities="com.localfriday.app.androidx-startup"
41-->[androidx.emoji2:emoji2:1.4.0] AndroidManifest.xml:26:13-68
42            android:exported="false" >
42-->[androidx.emoji2:emoji2:1.4.0] AndroidManifest.xml:27:13-37
43            <meta-data
43-->[androidx.emoji2:emoji2:1.4.0] AndroidManifest.xml:29:13-31:52
44                android:name="androidx.emoji2.text.EmojiCompatInitializer"
44-->[androidx.emoji2:emoji2:1.4.0] AndroidManifest.xml:30:17-75
45                android:value="androidx.startup" />
45-->[androidx.emoji2:emoji2:1.4.0] AndroidManifest.xml:31:17-49
46            <meta-data
46-->[androidx.lifecycle:lifecycle-process:2.9.4] AndroidManifest.xml:29:13-31:52
47                android:name="androidx.lifecycle.ProcessLifecycleInitializer"
47-->[androidx.lifecycle:lifecycle-process:2.9.4] AndroidManifest.xml:30:17-78
48                android:value="androidx.startup" />
48-->[androidx.lifecycle:lifecycle-process:2.9.4] AndroidManifest.xml:31:17-49
49            <meta-data
49-->[androidx.profileinstaller:profileinstaller:1.4.0] AndroidManifest.xml:29:13-31:52
50                android:name="androidx.profileinstaller.ProfileInstallerInitializer"
50-->[androidx.profileinstaller:profileinstaller:1.4.0] AndroidManifest.xml:30:17-85
51                android:value="androidx.startup" />
51-->[androidx.profileinstaller:profileinstaller:1.4.0] AndroidManifest.xml:31:17-49
52        </provider>
53
54        <uses-library
54-->[androidx.window:window:1.5.0] AndroidManifest.xml:23:9-25:40
55            android:name="androidx.window.extensions"
55-->[androidx.window:window:1.5.0] AndroidManifest.xml:24:13-54
56            android:required="false" />
56-->[androidx.window:window:1.5.0] AndroidManifest.xml:25:13-37
57        <uses-library
57-->[androidx.window:window:1.5.0] AndroidManifest.xml:26:9-28:40
58            android:name="androidx.window.sidecar"
58-->[androidx.window:window:1.5.0] AndroidManifest.xml:27:13-51
59            android:required="false" />
59-->[androidx.window:window:1.5.0] AndroidManifest.xml:28:13-37
60
61        <receiver
61-->[androidx.profileinstaller:profileinstaller:1.4.0] AndroidManifest.xml:34:9-52:20
62            android:name="androidx.profileinstaller.ProfileInstallReceiver"
62-->[androidx.profileinstaller:profileinstaller:1.4.0] AndroidManifest.xml:35:13-76
63            android:directBootAware="false"
63-->[androidx.profileinstaller:profileinstaller:1.4.0] AndroidManifest.xml:36:13-44
64            android:enabled="true"
64-->[androidx.profileinstaller:profileinstaller:1.4.0] AndroidManifest.xml:37:13-35
65            android:exported="true"
65-->[androidx.profileinstaller:profileinstaller:1.4.0] AndroidManifest.xml:38:13-36
66            android:permission="android.permission.DUMP" >
66-->[androidx.profileinstaller:profileinstaller:1.4.0] AndroidManifest.xml:39:13-57
67            <intent-filter>
67-->[androidx.profileinstaller:profileinstaller:1.4.0] AndroidManifest.xml:40:13-42:29
68                <action android:name="androidx.profileinstaller.action.INSTALL_PROFILE" />
68-->[androidx.profileinstaller:profileinstaller:1.4.0] AndroidManifest.xml:41:17-91
68-->[androidx.profileinstaller:profileinstaller:1.4.0] AndroidManifest.xml:41:25-88
69            </intent-filter>
70            <intent-filter>
70-->[androidx.profileinstaller:profileinstaller:1.4.0] AndroidManifest.xml:43:13-45:29
71                <action android:name="androidx.profileinstaller.action.SKIP_FILE" />
71-->[androidx.profileinstaller:profileinstaller:1.4.0] AndroidManifest.xml:44:17-85
71-->[androidx.profileinstaller:profileinstaller:1.4.0] AndroidManifest.xml:44:25-82
72            </intent-filter>
73            <intent-filter>
73-->[androidx.profileinstaller:profileinstaller:1.4.0] AndroidManifest.xml:46:13-48:29
74                <action android:name="androidx.profileinstaller.action.SAVE_PROFILE" />
74-->[androidx.profileinstaller:profileinstaller:1.4.0] AndroidManifest.xml:47:17-88
74-->[androidx.profileinstaller:profileinstaller:1.4.0] AndroidManifest.xml:47:25-85
75            </intent-filter>
76            <intent-filter>
76-->[androidx.profileinstaller:profileinstaller:1.4.0] AndroidManifest.xml:49:13-51:29
77                <action android:name="androidx.profileinstaller.action.BENCHMARK_OPERATION" />
77-->[androidx.profileinstaller:profileinstaller:1.4.0] AndroidManifest.xml:50:17-95
77-->[androidx.profileinstaller:profileinstaller:1.4.0] AndroidManifest.xml:50:25-92
78            </intent-filter>
79        </receiver>
80    </application>
81
82</manifest>